<?xml version="1.0" encoding="utf-8"?><testsuites name="pytest tests"><testsuite name="pytest" errors="0" failures="0" skipped="0" tests="15" time="24.758" timestamp="2026-06-26T17:43:18.185259+00:00" hostname="agent-env-bc087650-5480-4684-9dbb-738efbd8c619"><testcase classname="backend.tests.backend_test.TestStatic" name="test_health" time="0.203" /><testcase classname="backend.tests.backend_test.TestStatic" name="test_sample_prompts" time="0.067" /><testcase classname="backend.tests.backend_test.TestStatic" name="test_architecture" time="0.052" /><testcase classname="backend.tests.backend_test.TestStatic" name="test_vendors" time="0.049" /><testcase classname="backend.tests.backend_test.TestPlanFlow" name="test_create_plan_hitl" time="10.145" /><testcase classname="backend.tests.backend_test.TestPlanFlow" name="test_approve_decision" time="0.055" /><testcase classname="backend.tests.backend_test.TestPlanFlow" name="test_decline_on_fresh_plan" time="10.842" /><testcase classname="backend.tests.backend_test.TestEdgePaths" name="test_out_of_scope_refused" time="0.051" /><testcase classname="backend.tests.backend_test.TestEdgePaths" name="test_reject_no_venue" time="2.900" /><testcase classname="backend.tests.backend_test.TestPersistence" name="test_get_plan" time="0.055" /><testcase classname="backend.tests.backend_test.TestPersistence" name="test_list_plans_includes_created" time="0.054" /><testcase classname="backend.tests.backend_test.TestPersistence" name="test_delete_plan" time="0.101" /><testcase classname="backend.tests.backend_test.TestPersistence" name="test_delete_missing_plan" time="0.048" /><testcase classname="backend.tests.backend_test.TestValidation" name="test_decision_invalid" time="0.050" /><testcase classname="backend.tests.backend_test.TestValidation" name="test_create_plan_too_short" time="0.049" /></testsuite></testsuites>